01h
14h 01h 02h 03h 80h 01h 01h 04h 05h 01h 00h 64h 16h 01h B8h 00h 00h 4Ch 12h 01h 14h 01h 02h 03h 80h 01h 01h 04h 05h 01h 00h 64h 16h 01h B8h 00h 00h 4Ch 12h 01h 14h 01h 02h 03h 80h 01h 01h 04h 05h 01h 00h
64h 16h 01h B8h 00h 00h 4Ch 12h 01h 14h 01h 02h 03h 80h 01h 01h 04h 05h 01h 00h 64h 16h 01h B8h 00h 00h 4Ch 12h
01h 14h 01h 02h 03h 80h 01h 01h 04h 05h 01h 00h 64h 16h 01h B8h 00h 00h 4Ch 12h
01h 14h 01h
02h 03h 80h 01h 01h 04h 05h 01h 00h 64h 16h 01h B8h 00h 00h 4Ch 12h
01h 14h 01h 02h 03h 80h 01h 01h 04h 05h 01h 00h 64h 16h 01h B8h 00h 00h 4Ch 12h
01h
14h
01h
02h
03h
80h
01h
01h
04h
05h
01h
00h
64h
16h
01h
B8h
00h
00h 4Ch 12h
01h
14h 01h
02h 03h 80h
01h 01h 04h 05h 01h 00h 64h 16h 01h B8h 00h 00h 4Ch 12h
01h
14h 01h 02h 03h 80h 01h 01h 04h 05h 01h 00h 64h 16h 01h B8h 00h 00h 4Ch 12h
01h
14h 01h 02h 03h 80h 01h 01h 04h 05h 01h 00h 64h 16h 01h B8h 00h 00h 4Ch 12h
01h
14h 01h 02h
03h
80h 01h
01h
04h
05h 01h
00h
64h
16h 01h B8h 00h 00h 4Ch 12h
01h
14h 01h 02h
03h 80h
01h
01h
04h 05h
01h
00h
64h
16h 01h B8h
00h
00h 4Ch
12h
01h
14h 01h 02h 03h
80h 01h 01h
04h 05h 01h
00h 64h 16h
01h B8h
00h 00h 4Ch 12h
01h
14h 01h 02h 03h 80h 01h 01h 04h 05h 01h 00h 64h 16h 01h B8h 00h 00h 4Ch 12h 01h 14h 01h 02h 03h 80h 01h 01h 04h 05h 01h 00h 64h 16h 01h B8h 00h 00h 4Ch 12h
01h
14h 01h 02h
03h 80h
01h 01h 04h
05h 01h 00h
64h 16h 01h
B8h 00h
00h 4Ch 12h
01h
14h 01h 02h 03h 80h
01h 01h 04h
05h 01h 00h
64h 16h 01h
B8h 00h 00h
4Ch 12h
01h
14h 01h 02h 03h 80h 01h 01h 04h 05h 01h 00h 64h 16h 01h B8h 00h 00h 4Ch 12h 01h 14h 01h 02h 03h 80h 01h 01h 04h 05h
01h 00h
64h 16h
01h
B8h 00h
00h 4Ch
12h
01h
14h 01h 02h 03h
80h 01h
01h
04h 05h
01h 00h
64h
16h
01h B8h
00h
00h 4Ch
12h
01h
14h 01h
02h
03h 80h
01h 01h 04h 05h
01h 00h 64h 16h 01h
B8h 00h
00h
4Ch 12h
01h
14h 01h 02h 03h 80h 01h 01h 04h 05h 01h
00h 64h 16h 01h
B8h 00h 00h
4Ch 12h
01h
14h 01h 02h
03h 80h 01h 01h 04h 05h
01h 00h 64h
16h 01h B8h
00h 00h 4Ch
12h
01h
14h
01h
02h
03h
80h
01h
01h
04h
05h
01h 00h
64h
16h
01h
B8h
00h
00h
4Ch
12h
01h
14h 01h
02h 03h 80h 01h
01h 04h 05h
01h 00h
64h 16h 01h
B8h 00h 00h 4Ch 12h
01h
14h 01h 02h 03h 80h 01h 01h 04h 05h 01h 00h 64h 16h 01h B8h 00h 00h 4Ch 12h 01h 14h 01h 02h 03h 80h 01h 01h 04h 05h 01h 00h 64h 16h 01h B8h 00h 00h 4Ch 12h 01h 14h 01h 02h 03h 80h 01h 01h 04h 05h 01h 00h 64h 16h 01h B8h 00h 00h 4Ch 12h
01h 14h 01h 02h 03h 80h 01h 01h 04h
05h 01h 00h
64h 16h 01h
B8h 00h 00h 4Ch
12h
01h
14h 01h 02h 03h 80h
01h 01h 04h
05h 01h 00h
64h 16h 01h
B8h 00h
00h 4Ch 12h
01h
14h 01h 02h
03h 80h
01h 01h 04h
05h 01h 00h 64h 16h 01h
B8h 00h 00h
4Ch 12h
01h
14h 01h 02h
03h 80h 01h
01h 04h
05h 01h
00h 64h 16h 01h B8h 00h 00h 4Ch 12h
01h
14h 01h 02h 03h 80h 01h
01h 04h 05h
01h 00h 64h
16h 01h
B8h 00h 00h
4Ch 12h
01h
14h 01h 02h
03h 80h
01h 01h 04h
05h 01h 00h 64h 16h 01h
B8h 00h 00h
4Ch 12h
01h
14h 01h 02h 03h 80h 01h
01h 04h 05h 01h 00h 64h 16h 01h B8h
00h 00h 4Ch
12h
01h
14h 01h
02h 03h 80h
01h 01h 04h 05h 01h 00h 64h
16h 01h B8h
00h 00h 4Ch
12h
01h
14h 01h 02h
03h 80h
01h 01h 04h
05h 01h 00h
64h 16h 01h B8h 00h 00h
4Ch 12h
01h
14h
01h
02h
03h
80h
01h
01h
04h
05h
01h
00h
64h
16h
01h
B8h
00h
00h
4Ch
12h
01h
14h 01h 02h
03h 80h 01h
01h 04h 05h 01h 00h
64h 16h 01h
B8h 00h 00h
4Ch 12h
01h
14h 01h 02h 03h 80h 01h 01h 04h 05h 01h 00h 64h 16h 01h B8h 00h 00h 4Ch 12h 01h 14h 01h 02h 03h 80h 01h 01h 04h 05h 01h 00h 64h 16h 01h B8h 00h 00h 4Ch 12h 01h 14h 01h 02h 03h 80h 01h 01h 04h 05h 01h 00h 64h 16h 01h B8h 00h 00h 4Ch 12h 01h 14h 01h 02h 03h 80h 01h 01h 04h 05h 01h 00h 64h 16h 01h B8h 00h 00h 4Ch 12h
01h
14h 01h 02h 03h 80h 01h
01h 04h 05h
01h 00h 64h
16h 01h B8h
00h 00h 4Ch
12h
01h
14h 01h 02h 03h 80h 01h 01h
04h 05h 01h 00h 64h 16h
01h B8h 00h
00h 4Ch 12h
01h
14h 01h 02h 03h
80h 01h
01h 04h 05h 01h 00h 64h
16h 01h B8h
00h 00h 4Ch
12h
01h
14h 01h 02h 03h 80h 01h
01h 04h 05h
01h 00h
64h 16h 01h
B8h 00h 00h
4Ch 12h
01h
14h 01h 02h
03h 80h 01h 01h 04h 05h
01h 00h 64h
16h 01h B8h
00h 00h 4Ch
12h
01h
14h 01h 02h
03h 80h
01h 01h 04h 05h
01h 00h 64h 16h 01h B8h 00h 00h 4Ch 12h
01h
14h 01h
02h 03h 80h
01h 01h 04h
05h 01h
00h 64h 16h 01h B8h 00h 00h 4Ch
12h
01h
14h 01h 02h
03h 80h
01h 01h 04h
05h 01h 00h
64h 16h 01h
B8h 00h
00h 4Ch
12h
01h
14h
01h
02h
03h
80h
01h
01h
04h
05h
01h
00h
64h
16h
01h
B8h 00h 00h
4Ch
12h
01h
14h
01h
02h
03h
80h
01h 01h 04h
05h
01h
00h
64h
16h
01h
B8h
00h
00h
4Ch
12h
01h
14h 01h 02h 03h 80h 01h 01h 04h 05h 01h 00h 64h 16h 01h B8h 00h 00h 4Ch 12h 01h 14h 01h 02h 03h 80h 01h 01h 04h 05h 01h 00h 64h 16h 01h B8h 00h 00h 4Ch 12h 01h 14h 01h 02h 03h 80h 01h 01h 04h 05h 01h 00h 64h 16h 01h B8h 00h 00h 4Ch 12h 01h 14h 01h 02h 03h 80h 01h 01h 04h 05h 01h 00h 64h 16h 01h B8h 00h 00h 4Ch 12h
01h
14h 01h
02h 03h
80h
01h 01h
04h 05h
01h 00h
64h
16h 01h
B8h 00h
00h
4Ch 12h
01h
14h 01h 02h 03h 80h
01h 01h
04h 05h 01h 00h
64h 16h 01h B8h
00h 00h 4Ch
12h
01h
14h 01h 02h 03h
80h 01h 01h
04h 05h 01h
00h 64h 16h
01h B8h
00h 00h 4Ch 12h
01h
14h 01h 02h 03h 80h 01h 01h 04h 05h 01h 00h 64h
16h 01h
B8h 00h 00h
4Ch 12h
01h
14h 01h 02h 03h 80h
01h 01h
04h 05h 01h
00h 64h 16h
01h B8h 00h
00h 4Ch 12h
01h
14h 01h 02h 03h
80h 01h 01h 04h 05h 01h
00h 64h 16h
01h B8h 00h
00h 4Ch 12h
01h
14h 01h 02h 03h 80h
01h 01h 04h
05h 01h
00h 64h 16h
01h B8h 00h
00h 4Ch 12h
01h
14h 01h 02h 03h 80h
01h 01h 04h
05h 01h 00h
64h 16h 01h
B8h 00h 00h
4Ch 12h
01h
14h 01h
02h
03h 80h
01h
01h 04h 05h 01h 00h
64h 16h
01h
B8h
00h 00h
4Ch
12h
01h
14h 01h 02h
03h
80h
01h 01h
04h
05h 01h
00h
64h 16h 01h B8h 00h 00h
4Ch
12h
01h
14h 01h 02h 03h 80h 01h 01h 04h 05h 01h 00h 64h 16h 01h B8h 00h 00h 4Ch 12h 01h 14h 01h 02h 03h 80h 01h 01h 04h 05h 01h 00h 64h 16h 01h B8h 00h 00h 4Ch 12h
01h
14h
01h
02h
03h
80h 01h
01h 04h
05h 01h
00h 64h
16h 01h B8h 00h
00h 4Ch
12h
01h
14h 01h 02h 03h
80h 01h
01h 04h
05h 01h
00h 64h 16h
01h B8h
00h 00h
4Ch 12h
01h
14h 01h 02h
03h 80h 01h
01h 04h
05h 01h
00h 64h
16h 01h
B8h 00h
00h 4Ch
12h
01h
14h 01h 02h 03h 80h 01h
01h 04h 05h
01h 00h 64h 16h
01h B8h
00h 00h 4Ch 12h
01h
14h 01h
02h 03h 80h
01h 01h 04h
05h 01h
00h 64h 16h 01h
B8h 00h
00h 4Ch 12h
01h
14h 01h 02h
03h 80h 01h
01h 04h 05h
01h 00h 64h 16h 01h
B8h 00h 00h
4Ch 12h
00h
