00h
02h
0Eh 01h 00h 40h 00h 00h 00h 00h 00h 00h 00h 00h 4Dh
02h
0Eh 01h 00h 40h 00h 00h 00h 00h 00h 00h 00h 00h 4Dh
02h
0Eh 01h 00h 40h 00h 00h 00h 00h 00h 00h 00h 00h 4Dh
02h
0Eh 01h 00h 40h 00h 00h 00h 00h 00h 00h 00h 00h 4Dh
02h
0Eh 01h 00h 40h 00h 00h 00h 00h 00h 00h 00h 00h 4Dh
02h 0Eh 01h 00h
40h 00h 00h 00h 00h 00h 00h 00h 00h 4Dh
02h
0Eh 01h 00h 40h 00h 00h 00h 00h 00h 00h 00h 00h 4Dh
02h
0Eh 01h 00h 40h 00h 00h 00h 00h 00h 00h 00h 00h 4Dh
02h
0Eh 01h 00h 40h 00h 00h 00h 00h 00h 00h 00h 00h 4Dh
02h
0Eh 01h 00h 40h 00h 00h 00h 00h 00h 00h 00h 00h 4Dh
02h
0Eh 01h 00h 40h 00h 00h 00h 00h 00h 00h 00h 00h 4Dh
02h
0Eh 01h 00h 40h 00h 00h 00h 00h 00h 00h 00h 00h 4Dh
02h
0Eh 01h 00h 40h 00h 00h 00h 00h 00h 00h 00h 00h 4Dh
02h
0Eh 01h 00h 40h 00h 00h 00h 00h 00h 00h 00h 00h 4Dh
02h
0Eh 01h 00h 40h 00h 00h 00h 00h 00h 00h 00h 00h 4Dh
02h
0Eh 01h 00h 40h 00h 00h 00h 0Bh B8h 00h 00h 00h FEh
02h
0Eh 01h 00h 40h 00h 00h 00h 0Bh B8h 00h 00h 00h FEh
02h
0Eh 01h 00h 40h 00h 00h 00h 0Bh B8h 00h 00h 00h FEh
02h
0Eh 01h 00h 40h 00h 00h 00h 0Bh B8h 00h 00h 00h FEh
02h
0Eh 01h 00h 40h 00h 00h 00h 0Bh B8h 00h 00h 00h FEh
02h
0Eh 01h 00h 40h 00h 00h 00h 0Bh B8h 00h 00h 00h FEh
02h
0Eh 01h 00h 40h 00h 00h 00h 0Bh B8h 00h 00h 00h FEh
02h
0Eh 01h 00h 40h 00h 00h 00h 0Bh B8h 00h 00h 00h FEh
02h
0Eh 01h 00h 40h 00h 00h 00h 0Bh B8h 00h 00h 00h FEh
02h
0Eh 01h 00h 40h 00h 00h 00h 0Bh B8h 00h 00h 00h FEh
02h
0Eh 01h 00h 40h 00h 00h 00h 0Bh B8h 00h 00h 00h FEh
02h
0Eh 01h 00h 40h 00h 00h 00h 0Bh B8h 00h 00h 00h FEh
02h
0Eh 01h 00h 40h 00h 00h
00h 0Bh B8h 00h 00h 00h FEh
02h
0Eh 01h 00h 40h 00h 00h
00h 0Bh B8h 00h
00h 00h FEh
02h
0Eh 01h 00h 40h 00h 00h 00h 0Bh B8h 00h 00h 00h FEh
02h
0Eh 01h 00h 40h 00h
00h 00h 0Bh
B8h 00h 00h 00h
FEh
02h
0Eh 01h 00h 40h 00h 00h 00h 0Bh B8h 00h 00h 00h FEh
02h
0Eh 01h 00h 40h 00h
00h 00h 0Bh B8h 00h 00h 00h FEh
02h
00h
